<?xml version="1.0" encoding="UTF-8"?>
<testng-results ignored="0" total="4" passed="4" failed="0" skipped="0">
  <reporter-output>
    <line>
      <![CDATA[Online Shopping site in India: Shop Online for Mobiles, Books, Watches, Shoes and More - Amazon.in]]>
    </line>
    <line>
      <![CDATA[Item Add Sucessfuly]]>
    </line>
  </reporter-output>
  <suite started-at="2023-11-30T15:59:23 IST" name="Default suite" finished-at="2023-11-30T16:00:23 IST" duration-ms="59403">
    <groups>
    </groups>
    <test started-at="2023-11-30T15:59:23 IST" name="Default test" finished-at="2023-11-30T16:00:23 IST" duration-ms="59403">
      <class name="LoginTest.LoginTest">
        <test-method is-config="true" signature="openbrowser()[pri:0, instance:LoginTest.LoginTest@13c9d689]" started-at="2023-11-30T15:59:23 IST" name="openbrowser" finished-at="2023-11-30T15:59:27 IST" duration-ms="3583" status="PASS">
          <reporter-output>
          </reporter-output>
        </test-method> <!-- openbrowser -->
        <test-method signature="loginToApp()[pri:0, instance:LoginTest.LoginTest@13c9d689]" started-at="2023-11-30T15:59:27 IST" name="loginToApp" finished-at="2023-11-30T15:59:38 IST" duration-ms="10827" status="PASS">
          <reporter-output>
          </reporter-output>
        </test-method> <!-- loginToApp -->
        <test-method signature="VerifyTitle()[pri:1, instance:LoginTest.LoginTest@13c9d689]" started-at="2023-11-30T15:59:38 IST" name="VerifyTitle" finished-at="2023-11-30T15:59:39 IST" duration-ms="934" status="PASS">
          <reporter-output>
            <line>
              <![CDATA[Online Shopping site in India: Shop Online for Mobiles, Books, Watches, Shoes and More - Amazon.in]]>
            </line>
          </reporter-output>
        </test-method> <!-- VerifyTitle -->
        <test-method signature="VerifyPDP()[pri:3, instance:LoginTest.LoginTest@13c9d689]" started-at="2023-11-30T15:59:39 IST" name="VerifyPDP" finished-at="2023-11-30T16:00:01 IST" duration-ms="22250" status="PASS">
          <reporter-output>
          </reporter-output>
        </test-method> <!-- VerifyPDP -->
        <test-method signature="AddToCart()[pri:4, instance:LoginTest.LoginTest@13c9d689]" started-at="2023-11-30T16:00:01 IST" name="AddToCart" finished-at="2023-11-30T16:00:20 IST" duration-ms="19145" status="PASS">
          <reporter-output>
            <line>
              <![CDATA[Item Add Sucessfuly]]>
            </line>
          </reporter-output>
        </test-method> <!-- AddToCart -->
        <test-method is-config="true" signature="CloseBrowser()[pri:0, instance:LoginTest.LoginTest@13c9d689]" started-at="2023-11-30T16:00:20 IST" name="CloseBrowser" finished-at="2023-11-30T16:00:23 IST" duration-ms="2590" status="PASS">
          <reporter-output>
          </reporter-output>
        </test-method> <!-- CloseBrowser -->
      </class> <!-- LoginTest.LoginTest -->
    </test> <!-- Default test -->
  </suite> <!-- Default suite -->
</testng-results>
