<?xml version="1.0" encoding="UTF-8"?>
<!-- Generated by org.testng.reporters.JUnitXMLReporter -->
<testsuite ignored="1" hostname="Rutvi" failures="0" tests="4" name="Default test" time="59.403" errors="0" timestamp="2023-11-30T16:00:23 IST">
  <testcase classname="LoginTest.LoginTest" name="loginToApp" time="10.827"/>
  <testcase classname="LoginTest.LoginTest" name="VerifyTitle" time="0.934"/>
  <testcase classname="LoginTest.LoginTest" name="VerifyPDP" time="22.25"/>
  <testcase classname="LoginTest.LoginTest" name="AddToCart" time="19.145"/>
  <testcase classname="LoginTest.LoginTest" name="VerifyUserAndProfileName" time="0.0">
    <ignored/>
  </testcase> <!-- VerifyUserAndProfileName -->
</testsuite> <!-- Default test -->
